2026-06-08 23:00:45,408 [INFO] [31m[1mWARNING: This is a development server. Do not use it in a production deployment. Use a production WSGI server instead.[0m
 * Running on all addresses (0.0.0.0)
 * Running on http://127.0.0.1:5000
 * Running on http://192.168.1.243:5000
2026-06-08 23:00:45,408 [INFO] [33mPress CTRL+C to quit[0m
2026-06-08 23:06:53,390 [INFO] 127.0.0.1 - - [08/Jun/2026 23:06:53] "OPTIONS /api/search HTTP/1.1" 200 -
2026-06-08 23:06:53,652 [INFO] [API] search → https://www.traveloka.com/vi-vn/flight/fullsearch?ap=SGN.PQC&dt=10-06-2026.NA&ps=1.0.0&sc=ECONOMY
2026-06-08 23:07:16,611 [INFO] [crawl] https://www.traveloka.com/vi-vn/flight/fullsearch?ap=SGN.PQC&dt=10-06-2026.NA&ps=1.0.0&sc=ECONOMY → 39 cards
2026-06-08 23:07:53,516 [INFO] Gặp hạng vé đặc biệt tại card 13 — dừng.
2026-06-08 23:07:55,969 [INFO] 127.0.0.1 - - [08/Jun/2026 23:07:55] "POST /api/search HTTP/1.1" 200 -
2026-06-08 23:12:29,607 [INFO] 127.0.0.1 - - [08/Jun/2026 23:12:29] "OPTIONS /api/search HTTP/1.1" 200 -
2026-06-08 23:12:29,863 [INFO] [API] search → https://www.traveloka.com/vi-vn/flight/fullsearch?ap=SGN.PQC&dt=10-06-2026.NA&ps=1.0.0&sc=ECONOMY
2026-06-08 23:12:54,110 [INFO] [crawl] https://www.traveloka.com/vi-vn/flight/fullsearch?ap=SGN.PQC&dt=10-06-2026.NA&ps=1.0.0&sc=ECONOMY → 31 cards
2026-06-08 23:13:50,802 [INFO] Gặp hạng vé đặc biệt tại card 20 — dừng.
2026-06-08 23:13:53,236 [INFO] 127.0.0.1 - - [08/Jun/2026 23:13:53] "POST /api/search HTTP/1.1" 200 -
2026-06-08 23:24:54,193 [INFO] 127.0.0.1 - - [08/Jun/2026 23:24:54] "OPTIONS /api/search HTTP/1.1" 200 -
2026-06-08 23:24:54,447 [INFO] [API] search → https://www.traveloka.com/vi-vn/flight/fullsearch?ap=SGN.PQC&dt=10-06-2026.NA&ps=1.0.0&sc=ECONOMY
2026-06-08 23:25:16,962 [INFO] [crawl] https://www.traveloka.com/vi-vn/flight/fullsearch?ap=SGN.PQC&dt=10-06-2026.NA&ps=1.0.0&sc=ECONOMY → 30 cards
2026-06-08 23:26:13,224 [INFO] Gặp hạng vé đặc biệt tại card 20 — dừng.
2026-06-08 23:26:15,649 [INFO] 127.0.0.1 - - [08/Jun/2026 23:26:15] "POST /api/search HTTP/1.1" 200 -
2026-06-08 23:35:13,644 [INFO] 127.0.0.1 - - [08/Jun/2026 23:35:13] "OPTIONS /api/search HTTP/1.1" 200 -
2026-06-08 23:35:13,897 [INFO] [API] search → https://www.traveloka.com/vi-vn/flight/fullsearch?ap=SGN.PQC&dt=10-06-2026.NA&ps=1.0.0&sc=ECONOMY
2026-06-08 23:35:36,669 [INFO] [crawl] https://www.traveloka.com/vi-vn/flight/fullsearch?ap=SGN.PQC&dt=10-06-2026.NA&ps=1.0.0&sc=ECONOMY → 31 cards
2026-06-08 23:36:32,276 [INFO] Gặp hạng vé đặc biệt tại card 20 — dừng.
2026-06-08 23:36:34,678 [INFO] 127.0.0.1 - - [08/Jun/2026 23:36:34] "POST /api/search HTTP/1.1" 200 -
2026-06-09 11:04:24,123 [INFO] Model loaded: 17 routes
2026-06-09 11:04:25,421 [INFO] [31m[1mWARNING: This is a development server. Do not use it in a production deployment. Use a production WSGI server instead.[0m
 * Running on all addresses (0.0.0.0)
 * Running on http://127.0.0.1:5000
 * Running on http://192.168.1.243:5000
2026-06-09 11:04:25,421 [INFO] [33mPress CTRL+C to quit[0m
2026-06-09 11:06:42,654 [INFO] 127.0.0.1 - - [09/Jun/2026 11:06:42] "OPTIONS /api/search HTTP/1.1" 200 -
2026-06-09 11:06:42,903 [INFO] [API /search] → https://www.traveloka.com/vi-vn/flight/fullsearch?ap=SGN.PQC&dt=10-06-2026.NA&ps=1.0.0&sc=ECONOMY
2026-06-09 11:07:04,604 [INFO] [crawl] https://www.traveloka.com/vi-vn/flight/fullsearch?ap=SGN.PQC&dt=10-06-2026.NA&ps=1.0.0&sc=ECONOMY → 37 cards
2026-06-09 11:07:44,041 [INFO] Gặp hạng vé đặc biệt tại card 14 — dừng.
2026-06-09 11:07:46,533 [INFO] Preprocess bắt đầu | shape=(13, 13)
2026-06-09 11:07:46,572 [INFO] Preprocess xong | shape=(0, 17) | null=0
2026-06-09 11:07:50,656 [INFO] 127.0.0.1 - - [09/Jun/2026 11:07:50] "POST /api/search HTTP/1.1" 200 -
2026-06-09 13:33:10,735 [INFO] Model loaded: 17 routes
2026-06-09 13:33:12,032 [INFO] [31m[1mWARNING: This is a development server. Do not use it in a production deployment. Use a production WSGI server instead.[0m
 * Running on all addresses (0.0.0.0)
 * Running on http://127.0.0.1:5000
 * Running on http://192.168.1.243:5000
2026-06-09 13:33:12,032 [INFO] [33mPress CTRL+C to quit[0m
2026-06-09 13:34:31,365 [INFO] 127.0.0.1 - - [09/Jun/2026 13:34:31] "OPTIONS /api/search HTTP/1.1" 200 -
2026-06-09 13:34:31,632 [INFO] [API /search] → https://www.traveloka.com/vi-vn/flight/fullsearch?ap=SGN.PQC&dt=10-06-2026.NA&ps=1.0.0&sc=ECONOMY
2026-06-09 13:34:52,117 [INFO] [crawl] https://www.traveloka.com/vi-vn/flight/fullsearch?ap=SGN.PQC&dt=10-06-2026.NA&ps=1.0.0&sc=ECONOMY → 37 cards
2026-06-09 13:35:27,838 [INFO] Gặp hạng vé đặc biệt tại card 14 — dừng.
2026-06-09 13:35:30,451 [INFO] Preprocess bắt đầu | shape=(13, 13)
2026-06-09 13:35:30,531 [INFO] Preprocess xong | shape=(0, 18) | null=0
2026-06-09 13:35:34,602 [INFO] 127.0.0.1 - - [09/Jun/2026 13:35:34] "POST /api/search HTTP/1.1" 200 -
2026-06-09 13:56:26,461 [INFO] 127.0.0.1 - - [09/Jun/2026 13:56:26] "OPTIONS /api/search HTTP/1.1" 200 -
2026-06-09 13:56:26,739 [INFO] [API /search] → https://www.traveloka.com/vi-vn/flight/fullsearch?ap=SGN.PQC&dt=10-06-2026.NA&ps=1.0.0&sc=ECONOMY
2026-06-09 13:56:47,269 [INFO] [crawl] https://www.traveloka.com/vi-vn/flight/fullsearch?ap=SGN.PQC&dt=10-06-2026.NA&ps=1.0.0&sc=ECONOMY → 37 cards
2026-06-09 13:56:54,227 [INFO] Model loaded: 17 routes
2026-06-09 13:56:55,510 [INFO] [31m[1mWARNING: This is a development server. Do not use it in a production deployment. Use a production WSGI server instead.[0m
 * Running on all addresses (0.0.0.0)
 * Running on http://127.0.0.1:5000
 * Running on http://192.168.1.243:5000
2026-06-09 13:56:55,510 [INFO] [33mPress CTRL+C to quit[0m
2026-06-09 13:56:57,765 [INFO] 127.0.0.1 - - [09/Jun/2026 13:56:57] "OPTIONS /api/search HTTP/1.1" 200 -
2026-06-09 13:56:58,019 [INFO] [API /search] → https://www.traveloka.com/vi-vn/flight/fullsearch?ap=SGN.PQC&dt=10-06-2026.NA&ps=1.0.0&sc=ECONOMY
2026-06-09 13:56:58,020 [INFO] Đọc dữ liệu có sẵn: data\raw\SGN_PQC_10_thg_6.csv
2026-06-09 13:56:58,055 [INFO] Đọc lịch sử: SGN_PQC_10_thg_6.csv (68 rows)
2026-06-09 13:56:58,056 [INFO] Preprocess bắt đầu | shape=(43, 13)
2026-06-09 13:56:58,090 [INFO] Preprocess xong | shape=(0, 18) | null=0
2026-06-09 13:56:58,090 [INFO] 127.0.0.1 - - [09/Jun/2026 13:56:58] "POST /api/search HTTP/1.1" 200 -
2026-06-09 13:59:19,618 [INFO] Model loaded: 17 routes
2026-06-09 13:59:34,749 [INFO] Model loaded: 17 routes
2026-06-09 14:00:07,960 [INFO] Model loaded: 17 routes
2026-06-09 14:00:09,241 [INFO] [31m[1mWARNING: This is a development server. Do not use it in a production deployment. Use a production WSGI server instead.[0m
 * Running on all addresses (0.0.0.0)
 * Running on http://127.0.0.1:5000
 * Running on http://192.168.1.243:5000
2026-06-09 14:00:09,241 [INFO] [33mPress CTRL+C to quit[0m
2026-06-09 14:00:12,050 [INFO] 127.0.0.1 - - [09/Jun/2026 14:00:12] "OPTIONS /api/search HTTP/1.1" 200 -
2026-06-09 14:00:12,301 [INFO] [API /search] → https://www.traveloka.com/vi-vn/flight/fullsearch?ap=SGN.PQC&dt=10-06-2026.NA&ps=1.0.0&sc=ECONOMY
2026-06-09 14:00:12,301 [INFO] Không có file cache → crawl Traveloka
2026-06-09 14:00:32,739 [INFO] [crawl] https://www.traveloka.com/vi-vn/flight/fullsearch?ap=SGN.PQC&dt=10-06-2026.NA&ps=1.0.0&sc=ECONOMY → 37 cards
2026-06-09 14:00:56,434 [INFO] Model loaded: 17 routes
2026-06-09 14:00:57,709 [INFO] [31m[1mWARNING: This is a development server. Do not use it in a production deployment. Use a production WSGI server instead.[0m
 * Running on all addresses (0.0.0.0)
 * Running on http://127.0.0.1:5000
 * Running on http://192.168.1.243:5000
2026-06-09 14:00:57,709 [INFO] [33mPress CTRL+C to quit[0m
2026-06-09 14:01:00,884 [INFO] 127.0.0.1 - - [09/Jun/2026 14:01:00] "OPTIONS /api/search HTTP/1.1" 200 -
2026-06-09 14:01:01,136 [INFO] [API /search] → https://www.traveloka.com/vi-vn/flight/fullsearch?ap=SGN.PQC&dt=10-06-2026.NA&ps=1.0.0&sc=ECONOMY
2026-06-09 14:01:01,136 [INFO] Không có file cache → crawl Traveloka
2026-06-09 14:02:48,952 [INFO] Model loaded: 17 routes
2026-06-09 14:02:50,246 [INFO] [31m[1mWARNING: This is a development server. Do not use it in a production deployment. Use a production WSGI server instead.[0m
 * Running on all addresses (0.0.0.0)
 * Running on http://127.0.0.1:5000
 * Running on http://192.168.1.243:5000
2026-06-09 14:02:50,246 [INFO] [33mPress CTRL+C to quit[0m
2026-06-09 14:02:51,907 [INFO] 127.0.0.1 - - [09/Jun/2026 14:02:51] "OPTIONS /api/search HTTP/1.1" 200 -
2026-06-09 14:02:52,174 [INFO] [API /search] → https://www.traveloka.com/vi-vn/flight/fullsearch?ap=SGN.PQC&dt=10-06-2026.NA&ps=1.0.0&sc=ECONOMY
2026-06-09 14:02:52,174 [INFO] Checking cache: D:\UIT\DO_AN\website-system\backend\data\raw\data\raw\SGN_PQC_10_thg_6.csv
2026-06-09 14:02:52,177 [INFO] Exists? False
2026-06-09 14:02:52,177 [INFO] Không có file cache → crawl Traveloka
2026-06-09 14:03:32,570 [INFO] Model loaded: 17 routes
2026-06-09 14:03:33,860 [INFO] [31m[1mWARNING: This is a development server. Do not use it in a production deployment. Use a production WSGI server instead.[0m
 * Running on all addresses (0.0.0.0)
 * Running on http://127.0.0.1:5000
 * Running on http://192.168.1.243:5000
2026-06-09 14:03:33,860 [INFO] [33mPress CTRL+C to quit[0m
2026-06-09 14:03:37,643 [INFO] 127.0.0.1 - - [09/Jun/2026 14:03:37] "OPTIONS /api/search HTTP/1.1" 200 -
2026-06-09 14:03:37,910 [INFO] [API /search] → https://www.traveloka.com/vi-vn/flight/fullsearch?ap=SGN.PQC&dt=10-06-2026.NA&ps=1.0.0&sc=ECONOMY
2026-06-09 14:03:37,910 [INFO] Checking cache: D:\UIT\DO_AN\website-system\backend\data\raw\SGN_PQC_10_thg_6.csv
2026-06-09 14:03:37,910 [INFO] Exists? True
2026-06-09 14:03:37,910 [INFO] Đọc dữ liệu có sẵn: data\raw\SGN_PQC_10_thg_6.csv
2026-06-09 14:03:37,928 [INFO] Đọc lịch sử: SGN_PQC_10_thg_6.csv (68 rows)
2026-06-09 14:03:37,932 [INFO] Preprocess bắt đầu | shape=(43, 13)
2026-06-09 14:03:38,009 [INFO] Preprocess xong | shape=(0, 18) | null=0
2026-06-09 14:03:38,009 [INFO] 127.0.0.1 - - [09/Jun/2026 14:03:38] "POST /api/search HTTP/1.1" 200 -
2026-06-09 14:20:42,696 [INFO] Model loaded: 17 routes
2026-06-09 14:20:43,971 [INFO] [31m[1mWARNING: This is a development server. Do not use it in a production deployment. Use a production WSGI server instead.[0m
 * Running on all addresses (0.0.0.0)
 * Running on http://127.0.0.1:5000
 * Running on http://192.168.1.243:5000
2026-06-09 14:20:43,971 [INFO] [33mPress CTRL+C to quit[0m
2026-06-09 14:20:50,050 [INFO] 127.0.0.1 - - [09/Jun/2026 14:20:50] "OPTIONS /api/search HTTP/1.1" 200 -
2026-06-09 14:20:50,301 [INFO] [API /search] → https://www.traveloka.com/vi-vn/flight/fullsearch?ap=SGN.PQC&dt=10-06-2026.NA&ps=1.0.0&sc=ECONOMY
2026-06-09 14:20:50,301 [INFO] Checking cache: D:\UIT\DO_AN\website-system\backend\data\raw\SGN_PQC_10_thg_6.csv
2026-06-09 14:20:50,301 [INFO] Exists? True
2026-06-09 14:20:50,301 [INFO] Đọc dữ liệu có sẵn: data\raw\SGN_PQC_10_thg_6.csv
2026-06-09 14:20:50,316 [INFO] Đọc lịch sử: SGN_PQC_10_thg_6.csv (68 rows)
2026-06-09 14:20:50,318 [INFO] Preprocess bắt đầu | shape=(43, 13)
2026-06-09 14:20:50,375 [INFO] Preprocess xong | shape=(43, 18) | null=59
2026-06-09 14:20:50,376 [INFO] 127.0.0.1 - - [09/Jun/2026 14:20:50] "POST /api/search HTTP/1.1" 200 -
2026-06-09 14:42:53,296 [INFO] Model loaded: 17 routes
2026-06-09 14:42:54,576 [INFO] [31m[1mWARNING: This is a development server. Do not use it in a production deployment. Use a production WSGI server instead.[0m
 * Running on all addresses (0.0.0.0)
 * Running on http://127.0.0.1:5000
 * Running on http://192.168.1.243:5000
2026-06-09 14:42:54,576 [INFO] [33mPress CTRL+C to quit[0m
2026-06-09 14:42:58,172 [INFO] 127.0.0.1 - - [09/Jun/2026 14:42:58] "OPTIONS /api/search HTTP/1.1" 200 -
2026-06-09 14:42:58,420 [INFO] [API /search] → https://www.traveloka.com/vi-vn/flight/fullsearch?ap=SGN.PQC&dt=10-06-2026.NA&ps=1.0.0&sc=ECONOMY
2026-06-09 14:42:58,420 [INFO] Checking cache: D:\UIT\DO_AN\website-system\backend\data\raw\SGN_PQC_10_thg_6.csv
2026-06-09 14:42:58,420 [INFO] Exists? True
2026-06-09 14:42:58,420 [INFO] Đọc dữ liệu có sẵn: data\raw\SGN_PQC_10_thg_6.csv
2026-06-09 14:42:58,420 [INFO] Đọc lịch sử: SGN_PQC_10_thg_6.csv (68 rows)
2026-06-09 14:42:58,433 [INFO] Preprocess bắt đầu | shape=(43, 13)
2026-06-09 14:42:58,458 [INFO] days_left stats:
count    43.000000
mean      2.000000
std       0.816497
min       1.000000
25%       1.000000
50%       2.000000
75%       3.000000
max       3.000000
2026-06-09 14:42:58,458 [INFO] days_left sau filter | shape=(43, 15) | min=1 max=3
2026-06-09 14:42:58,477 [INFO] Preprocess xong | shape=(43, 18) | null=0
2026-06-09 14:42:58,491 [INFO] 127.0.0.1 - - [09/Jun/2026 14:42:58] "POST /api/search HTTP/1.1" 200 -
2026-06-09 14:44:20,726 [INFO] Model loaded: 17 routes
2026-06-09 14:44:22,023 [INFO] [31m[1mWARNING: This is a development server. Do not use it in a production deployment. Use a production WSGI server instead.[0m
 * Running on all addresses (0.0.0.0)
 * Running on http://127.0.0.1:5000
 * Running on http://192.168.1.243:5000
2026-06-09 14:44:22,023 [INFO] [33mPress CTRL+C to quit[0m
2026-06-09 14:44:26,789 [INFO] 127.0.0.1 - - [09/Jun/2026 14:44:26] "OPTIONS /api/search HTTP/1.1" 200 -
2026-06-09 14:44:27,042 [INFO] [API /search] → https://www.traveloka.com/vi-vn/flight/fullsearch?ap=SGN.PQC&dt=12-06-2026.NA&ps=1.0.0&sc=ECONOMY
2026-06-09 14:44:27,043 [INFO] Checking cache: D:\UIT\DO_AN\website-system\backend\data\raw\SGN_PQC_12_thg_6.csv
2026-06-09 14:44:27,043 [INFO] Exists? False
2026-06-09 14:44:27,043 [INFO] Không có file cache → crawl Traveloka
2026-06-09 14:44:49,813 [INFO] [crawl] https://www.traveloka.com/vi-vn/flight/fullsearch?ap=SGN.PQC&dt=12-06-2026.NA&ps=1.0.0&sc=ECONOMY → 43 cards
2026-06-09 14:45:31,649 [INFO] Gặp hạng vé đặc biệt tại card 16 — dừng.
2026-06-09 14:45:33,959 [INFO] Đọc lịch sử: SGN_PQC_12_thg_6.csv (15 rows)
2026-06-09 14:45:33,961 [INFO] Preprocess bắt đầu | shape=(15, 13)
2026-06-09 14:45:33,976 [INFO] days_left stats:
count    15.0
mean      3.0
std       0.0
min       3.0
25%       3.0
50%       3.0
75%       3.0
max       3.0
2026-06-09 14:45:33,977 [INFO] days_left sau filter | shape=(15, 15) | min=3 max=3
2026-06-09 14:45:34,000 [INFO] Preprocess xong | shape=(15, 18) | null=0
2026-06-09 14:45:38,044 [INFO] 127.0.0.1 - - [09/Jun/2026 14:45:38] "POST /api/search HTTP/1.1" 200 -
2026-06-09 14:45:52,380 [INFO] 127.0.0.1 - - [09/Jun/2026 14:45:52] "OPTIONS /api/search HTTP/1.1" 200 -
2026-06-09 14:45:52,645 [INFO] [API /search] → https://www.traveloka.com/vi-vn/flight/fullsearch?ap=SGN.PQC&dt=19-06-2026.NA&ps=1.0.0&sc=ECONOMY
2026-06-09 14:45:52,647 [INFO] Checking cache: D:\UIT\DO_AN\website-system\backend\data\raw\SGN_PQC_19_thg_6.csv
2026-06-09 14:45:52,647 [INFO] Exists? False
2026-06-09 14:45:52,647 [INFO] Không có file cache → crawl Traveloka
2026-06-09 14:46:16,352 [INFO] [crawl] https://www.traveloka.com/vi-vn/flight/fullsearch?ap=SGN.PQC&dt=19-06-2026.NA&ps=1.0.0&sc=ECONOMY → 55 cards
2026-06-09 14:46:53,668 [INFO] Gặp hạng vé đặc biệt tại card 15 — dừng.
2026-06-09 14:46:55,982 [INFO] Đọc lịch sử: SGN_PQC_19_thg_6.csv (14 rows)
2026-06-09 14:46:55,982 [INFO] Preprocess bắt đầu | shape=(14, 13)
2026-06-09 14:46:56,000 [INFO] days_left stats:
count    14.0
mean     10.0
std       0.0
min      10.0
25%      10.0
50%      10.0
75%      10.0
max      10.0
2026-06-09 14:46:56,001 [INFO] days_left sau filter | shape=(14, 15) | min=10 max=10
2026-06-09 14:46:56,019 [INFO] Preprocess xong | shape=(14, 18) | null=0
2026-06-09 14:47:00,099 [INFO] 127.0.0.1 - - [09/Jun/2026 14:47:00] "POST /api/search HTTP/1.1" 200 -
2026-06-09 15:25:10,458 [WARNING] Chưa tìm thấy model files: ['route_encoders.pkl']. Cần train trước.
2026-06-09 15:25:11,745 [INFO] [31m[1mWARNING: This is a development server. Do not use it in a production deployment. Use a production WSGI server instead.[0m
 * Running on all addresses (0.0.0.0)
 * Running on http://127.0.0.1:5000
 * Running on http://192.168.1.243:5000
2026-06-09 15:25:11,745 [INFO] [33mPress CTRL+C to quit[0m
2026-06-09 15:26:50,124 [INFO] 127.0.0.1 - - [09/Jun/2026 15:26:50] "OPTIONS /api/search HTTP/1.1" 200 -
2026-06-09 15:26:50,387 [INFO] [API /search] → https://www.traveloka.com/vi-vn/flight/fullsearch?ap=SGN.PQC&dt=10-06-2026.NA&ps=1.0.0&sc=ECONOMY
2026-06-09 15:26:50,388 [INFO] Checking cache: D:\UIT\DO_AN\website-system\backend\data\raw\SGN_PQC_10_thg_6.csv
2026-06-09 15:26:50,388 [INFO] Exists? True
2026-06-09 15:26:50,388 [INFO] Đọc dữ liệu có sẵn: data\raw\SGN_PQC_10_thg_6.csv
2026-06-09 15:26:50,396 [INFO] 127.0.0.1 - - [09/Jun/2026 15:26:50] "POST /api/search HTTP/1.1" 200 -
2026-06-09 15:31:44,757 [INFO] Model loaded: 17 routes
2026-06-09 15:31:46,037 [INFO] [31m[1mWARNING: This is a development server. Do not use it in a production deployment. Use a production WSGI server instead.[0m
 * Running on all addresses (0.0.0.0)
 * Running on http://127.0.0.1:5000
 * Running on http://192.168.1.243:5000
2026-06-09 15:31:46,037 [INFO] [33mPress CTRL+C to quit[0m
2026-06-09 15:31:49,680 [INFO] 127.0.0.1 - - [09/Jun/2026 15:31:49] "OPTIONS /api/search HTTP/1.1" 200 -
2026-06-09 15:31:49,930 [INFO] [API /search] → https://www.traveloka.com/vi-vn/flight/fullsearch?ap=SGN.PQC&dt=10-06-2026.NA&ps=1.0.0&sc=ECONOMY
2026-06-09 15:31:49,931 [INFO] Checking cache: D:\UIT\DO_AN\website-system\backend\data\raw\SGN_PQC_10_thg_6.csv
2026-06-09 15:31:49,931 [INFO] Exists? True
2026-06-09 15:31:49,932 [INFO] Đọc dữ liệu có sẵn: data\raw\SGN_PQC_10_thg_6.csv
2026-06-09 15:31:49,937 [INFO] Đọc lịch sử: SGN_PQC_10_thg_6.csv (68 rows)
2026-06-09 15:31:49,939 [INFO] Preprocess bắt đầu | shape=(43, 13)
2026-06-09 15:31:49,969 [INFO] days_left stats:
count    43.000000
mean      2.000000
std       0.816497
min       1.000000
25%       1.000000
50%       2.000000
75%       3.000000
max       3.000000
2026-06-09 15:31:49,970 [INFO] days_left sau filter | shape=(43, 15) | min=1 max=3
2026-06-09 15:31:49,992 [INFO] Preprocess xong | shape=(43, 18) | null=0
2026-06-09 15:31:50,086 [ERROR] Exception on /api/search [POST]
Traceback (most recent call last):
  File "C:\Users\Admin\AppData\Local\Programs\Python\Python310\lib\site-packages\flask\app.py", line 1473, in wsgi_app
    response = self.full_dispatch_request()
  File "C:\Users\Admin\AppData\Local\Programs\Python\Python310\lib\site-packages\flask\app.py", line 882, in full_dispatch_request
    rv = self.handle_user_exception(e)
  File "C:\Users\Admin\AppData\Local\Programs\Python\Python310\lib\site-packages\flask_cors\extension.py", line 178, in wrapped_function
    return cors_after_request(app.make_response(f(*args, **kwargs)))
  File "C:\Users\Admin\AppData\Local\Programs\Python\Python310\lib\site-packages\flask\app.py", line 880, in full_dispatch_request
    rv = self.dispatch_request()
  File "C:\Users\Admin\AppData\Local\Programs\Python\Python310\lib\site-packages\flask\app.py", line 865, in dispatch_request
    return self.ensure_sync(self.view_functions[rule.endpoint])(**view_args)  # type: ignore[no-any-return]
  File "D:\UIT\DO_AN\website-system\backend\api_server.py", line 511, in search_flights
    return jsonify({"flights": rows, "total": len(rows)})
  File "C:\Users\Admin\AppData\Local\Programs\Python\Python310\lib\site-packages\flask\json\__init__.py", line 170, in jsonify
    return current_app.json.response(*args, **kwargs)  # type: ignore[return-value]
  File "C:\Users\Admin\AppData\Local\Programs\Python\Python310\lib\site-packages\flask\json\provider.py", line 214, in response
    f"{self.dumps(obj, **dump_args)}\n", mimetype=self.mimetype
  File "C:\Users\Admin\AppData\Local\Programs\Python\Python310\lib\site-packages\flask\json\provider.py", line 179, in dumps
    return json.dumps(obj, **kwargs)
  File "C:\Users\Admin\AppData\Local\Programs\Python\Python310\lib\json\__init__.py", line 238, in dumps
    **kw).encode(obj)
  File "C:\Users\Admin\AppData\Local\Programs\Python\Python310\lib\json\encoder.py", line 199, in encode
    chunks = self.iterencode(o, _one_shot=True)
  File "C:\Users\Admin\AppData\Local\Programs\Python\Python310\lib\json\encoder.py", line 257, in iterencode
    return _iterencode(o, 0)
  File "C:\Users\Admin\AppData\Local\Programs\Python\Python310\lib\site-packages\flask\json\provider.py", line 121, in _default
    raise TypeError(f"Object of type {type(o).__name__} is not JSON serializable")
TypeError: Object of type int64 is not JSON serializable
2026-06-09 15:31:50,256 [INFO] 127.0.0.1 - - [09/Jun/2026 15:31:50] "[35m[1mPOST /api/search HTTP/1.1[0m" 500 -
2026-06-09 15:31:51,821 [INFO] [API /search] → https://www.traveloka.com/vi-vn/flight/fullsearch?ap=SGN.PQC&dt=10-06-2026.NA&ps=1.0.0&sc=ECONOMY
2026-06-09 15:31:51,821 [INFO] Checking cache: D:\UIT\DO_AN\website-system\backend\data\raw\SGN_PQC_10_thg_6.csv
2026-06-09 15:31:51,821 [INFO] Exists? True
2026-06-09 15:31:51,822 [INFO] Đọc dữ liệu có sẵn: data\raw\SGN_PQC_10_thg_6.csv
2026-06-09 15:31:51,825 [INFO] Đọc lịch sử: SGN_PQC_10_thg_6.csv (68 rows)
2026-06-09 15:31:51,826 [INFO] Preprocess bắt đầu | shape=(43, 13)
2026-06-09 15:31:51,852 [INFO] days_left stats:
count    43.000000
mean      2.000000
std       0.816497
min       1.000000
25%       1.000000
50%       2.000000
75%       3.000000
max       3.000000
2026-06-09 15:31:51,853 [INFO] days_left sau filter | shape=(43, 15) | min=1 max=3
2026-06-09 15:31:51,874 [INFO] Preprocess xong | shape=(43, 18) | null=0
2026-06-09 15:31:51,976 [ERROR] Exception on /api/search [POST]
Traceback (most recent call last):
  File "C:\Users\Admin\AppData\Local\Programs\Python\Python310\lib\site-packages\flask\app.py", line 1473, in wsgi_app
    response = self.full_dispatch_request()
  File "C:\Users\Admin\AppData\Local\Programs\Python\Python310\lib\site-packages\flask\app.py", line 882, in full_dispatch_request
    rv = self.handle_user_exception(e)
  File "C:\Users\Admin\AppData\Local\Programs\Python\Python310\lib\site-packages\flask_cors\extension.py", line 178, in wrapped_function
    return cors_after_request(app.make_response(f(*args, **kwargs)))
  File "C:\Users\Admin\AppData\Local\Programs\Python\Python310\lib\site-packages\flask\app.py", line 880, in full_dispatch_request
    rv = self.dispatch_request()
  File "C:\Users\Admin\AppData\Local\Programs\Python\Python310\lib\site-packages\flask\app.py", line 865, in dispatch_request
    return self.ensure_sync(self.view_functions[rule.endpoint])(**view_args)  # type: ignore[no-any-return]
  File "D:\UIT\DO_AN\website-system\backend\api_server.py", line 511, in search_flights
    return jsonify({"flights": rows, "total": len(rows)})
  File "C:\Users\Admin\AppData\Local\Programs\Python\Python310\lib\site-packages\flask\json\__init__.py", line 170, in jsonify
    return current_app.json.response(*args, **kwargs)  # type: ignore[return-value]
  File "C:\Users\Admin\AppData\Local\Programs\Python\Python310\lib\site-packages\flask\json\provider.py", line 214, in response
    f"{self.dumps(obj, **dump_args)}\n", mimetype=self.mimetype
  File "C:\Users\Admin\AppData\Local\Programs\Python\Python310\lib\site-packages\flask\json\provider.py", line 179, in dumps
    return json.dumps(obj, **kwargs)
  File "C:\Users\Admin\AppData\Local\Programs\Python\Python310\lib\json\__init__.py", line 238, in dumps
    **kw).encode(obj)
  File "C:\Users\Admin\AppData\Local\Programs\Python\Python310\lib\json\encoder.py", line 199, in encode
    chunks = self.iterencode(o, _one_shot=True)
  File "C:\Users\Admin\AppData\Local\Programs\Python\Python310\lib\json\encoder.py", line 257, in iterencode
    return _iterencode(o, 0)
  File "C:\Users\Admin\AppData\Local\Programs\Python\Python310\lib\site-packages\flask\json\provider.py", line 121, in _default
    raise TypeError(f"Object of type {type(o).__name__} is not JSON serializable")
TypeError: Object of type int64 is not JSON serializable
2026-06-09 15:31:51,977 [INFO] 127.0.0.1 - - [09/Jun/2026 15:31:51] "[35m[1mPOST /api/search HTTP/1.1[0m" 500 -
2026-06-09 15:32:10,669 [INFO] Model loaded: 17 routes
2026-06-09 15:32:11,951 [INFO] [31m[1mWARNING: This is a development server. Do not use it in a production deployment. Use a production WSGI server instead.[0m
 * Running on all addresses (0.0.0.0)
 * Running on http://127.0.0.1:5000
 * Running on http://192.168.1.243:5000
2026-06-09 15:32:11,951 [INFO] [33mPress CTRL+C to quit[0m
2026-06-09 15:32:18,024 [INFO] 127.0.0.1 - - [09/Jun/2026 15:32:18] "OPTIONS /api/search HTTP/1.1" 200 -
2026-06-09 15:32:18,270 [INFO] [API /search] → https://www.traveloka.com/vi-vn/flight/fullsearch?ap=SGN.PQC&dt=10-06-2026.NA&ps=1.0.0&sc=ECONOMY
2026-06-09 15:32:18,270 [INFO] Checking cache: D:\UIT\DO_AN\website-system\backend\data\raw\SGN_PQC_10_thg_6.csv
2026-06-09 15:32:18,270 [INFO] Exists? True
2026-06-09 15:32:18,270 [INFO] Đọc dữ liệu có sẵn: data\raw\SGN_PQC_10_thg_6.csv
2026-06-09 15:32:18,276 [INFO] Đọc lịch sử: SGN_PQC_10_thg_6.csv (68 rows)
2026-06-09 15:32:18,277 [INFO] Preprocess bắt đầu | shape=(43, 13)
2026-06-09 15:32:18,310 [INFO] days_left stats:
count    43.000000
mean      2.000000
std       0.816497
min       1.000000
25%       1.000000
50%       2.000000
75%       3.000000
max       3.000000
2026-06-09 15:32:18,312 [INFO] days_left sau filter | shape=(43, 15) | min=1 max=3
2026-06-09 15:32:18,335 [INFO] Preprocess xong | shape=(43, 18) | null=0
2026-06-09 15:32:18,437 [ERROR] Exception on /api/search [POST]
Traceback (most recent call last):
  File "C:\Users\Admin\AppData\Local\Programs\Python\Python310\lib\site-packages\flask\app.py", line 1473, in wsgi_app
    response = self.full_dispatch_request()
  File "C:\Users\Admin\AppData\Local\Programs\Python\Python310\lib\site-packages\flask\app.py", line 882, in full_dispatch_request
    rv = self.handle_user_exception(e)
  File "C:\Users\Admin\AppData\Local\Programs\Python\Python310\lib\site-packages\flask_cors\extension.py", line 178, in wrapped_function
    return cors_after_request(app.make_response(f(*args, **kwargs)))
  File "C:\Users\Admin\AppData\Local\Programs\Python\Python310\lib\site-packages\flask\app.py", line 880, in full_dispatch_request
    rv = self.dispatch_request()
  File "C:\Users\Admin\AppData\Local\Programs\Python\Python310\lib\site-packages\flask\app.py", line 865, in dispatch_request
    return self.ensure_sync(self.view_functions[rule.endpoint])(**view_args)  # type: ignore[no-any-return]
  File "D:\UIT\DO_AN\website-system\backend\api_server.py", line 511, in search_flights
    return jsonify({"flights": rows, "total": len(rows)})
  File "C:\Users\Admin\AppData\Local\Programs\Python\Python310\lib\site-packages\flask\json\__init__.py", line 170, in jsonify
    return current_app.json.response(*args, **kwargs)  # type: ignore[return-value]
  File "C:\Users\Admin\AppData\Local\Programs\Python\Python310\lib\site-packages\flask\json\provider.py", line 214, in response
    f"{self.dumps(obj, **dump_args)}\n", mimetype=self.mimetype
  File "C:\Users\Admin\AppData\Local\Programs\Python\Python310\lib\site-packages\flask\json\provider.py", line 179, in dumps
    return json.dumps(obj, **kwargs)
  File "C:\Users\Admin\AppData\Local\Programs\Python\Python310\lib\json\__init__.py", line 238, in dumps
    **kw).encode(obj)
  File "C:\Users\Admin\AppData\Local\Programs\Python\Python310\lib\json\encoder.py", line 199, in encode
    chunks = self.iterencode(o, _one_shot=True)
  File "C:\Users\Admin\AppData\Local\Programs\Python\Python310\lib\json\encoder.py", line 257, in iterencode
    return _iterencode(o, 0)
  File "C:\Users\Admin\AppData\Local\Programs\Python\Python310\lib\site-packages\flask\json\provider.py", line 121, in _default
    raise TypeError(f"Object of type {type(o).__name__} is not JSON serializable")
TypeError: Object of type int64 is not JSON serializable
2026-06-09 15:32:18,438 [INFO] 127.0.0.1 - - [09/Jun/2026 15:32:18] "[35m[1mPOST /api/search HTTP/1.1[0m" 500 -
2026-06-09 15:37:05,585 [INFO] Model loaded: 17 routes
2026-06-09 15:37:06,876 [INFO] [31m[1mWARNING: This is a development server. Do not use it in a production deployment. Use a production WSGI server instead.[0m
 * Running on all addresses (0.0.0.0)
 * Running on http://127.0.0.1:5000
 * Running on http://192.168.1.243:5000
2026-06-09 15:37:06,877 [INFO] [33mPress CTRL+C to quit[0m
2026-06-09 15:37:11,998 [INFO] 127.0.0.1 - - [09/Jun/2026 15:37:11] "OPTIONS /api/search HTTP/1.1" 200 -
2026-06-09 15:37:12,263 [INFO] [API /search] → https://www.traveloka.com/vi-vn/flight/fullsearch?ap=SGN.PQC&dt=10-06-2026.NA&ps=1.0.0&sc=ECONOMY
2026-06-09 15:37:12,265 [INFO] Checking cache: D:\UIT\DO_AN\website-system\backend\data\raw\SGN_PQC_10_thg_6.csv
2026-06-09 15:37:12,265 [INFO] Exists? True
2026-06-09 15:37:12,265 [INFO] Đọc dữ liệu có sẵn: data\raw\SGN_PQC_10_thg_6.csv
2026-06-09 15:37:12,272 [INFO] Đọc lịch sử: SGN_PQC_10_thg_6.csv (68 rows)
2026-06-09 15:37:12,274 [INFO] Preprocess bắt đầu | shape=(43, 13)
2026-06-09 15:37:12,304 [INFO] days_left stats:
count    43.000000
mean      2.000000
std       0.816497
min       1.000000
25%       1.000000
50%       2.000000
75%       3.000000
max       3.000000
2026-06-09 15:37:12,305 [INFO] days_left sau filter | shape=(43, 15) | min=1 max=3
2026-06-09 15:37:12,329 [INFO] Preprocess xong | shape=(43, 18) | null=0
2026-06-09 15:37:12,421 [ERROR] Exception on /api/search [POST]
Traceback (most recent call last):
  File "C:\Users\Admin\AppData\Local\Programs\Python\Python310\lib\site-packages\flask\app.py", line 1473, in wsgi_app
    response = self.full_dispatch_request()
  File "C:\Users\Admin\AppData\Local\Programs\Python\Python310\lib\site-packages\flask\app.py", line 882, in full_dispatch_request
    rv = self.handle_user_exception(e)
  File "C:\Users\Admin\AppData\Local\Programs\Python\Python310\lib\site-packages\flask_cors\extension.py", line 178, in wrapped_function
    return cors_after_request(app.make_response(f(*args, **kwargs)))
  File "C:\Users\Admin\AppData\Local\Programs\Python\Python310\lib\site-packages\flask\app.py", line 880, in full_dispatch_request
    rv = self.dispatch_request()
  File "C:\Users\Admin\AppData\Local\Programs\Python\Python310\lib\site-packages\flask\app.py", line 865, in dispatch_request
    return self.ensure_sync(self.view_functions[rule.endpoint])(**view_args)  # type: ignore[no-any-return]
  File "D:\UIT\DO_AN\website-system\backend\api_server.py", line 528, in search_flights
    return jsonify({"flights": rows, "total": len(rows)})
  File "C:\Users\Admin\AppData\Local\Programs\Python\Python310\lib\site-packages\flask\json\__init__.py", line 170, in jsonify
    return current_app.json.response(*args, **kwargs)  # type: ignore[return-value]
  File "C:\Users\Admin\AppData\Local\Programs\Python\Python310\lib\site-packages\flask\json\provider.py", line 214, in response
    f"{self.dumps(obj, **dump_args)}\n", mimetype=self.mimetype
  File "C:\Users\Admin\AppData\Local\Programs\Python\Python310\lib\site-packages\flask\json\provider.py", line 179, in dumps
    return json.dumps(obj, **kwargs)
  File "C:\Users\Admin\AppData\Local\Programs\Python\Python310\lib\json\__init__.py", line 238, in dumps
    **kw).encode(obj)
  File "C:\Users\Admin\AppData\Local\Programs\Python\Python310\lib\json\encoder.py", line 199, in encode
    chunks = self.iterencode(o, _one_shot=True)
  File "C:\Users\Admin\AppData\Local\Programs\Python\Python310\lib\json\encoder.py", line 257, in iterencode
    return _iterencode(o, 0)
  File "C:\Users\Admin\AppData\Local\Programs\Python\Python310\lib\site-packages\flask\json\provider.py", line 121, in _default
    raise TypeError(f"Object of type {type(o).__name__} is not JSON serializable")
TypeError: Object of type int64 is not JSON serializable
2026-06-09 15:37:12,424 [INFO] 127.0.0.1 - - [09/Jun/2026 15:37:12] "[35m[1mPOST /api/search HTTP/1.1[0m" 500 -
2026-06-09 15:38:53,907 [INFO] Model loaded: 17 routes
2026-06-09 15:38:55,202 [INFO] [31m[1mWARNING: This is a development server. Do not use it in a production deployment. Use a production WSGI server instead.[0m
 * Running on all addresses (0.0.0.0)
 * Running on http://127.0.0.1:5000
 * Running on http://192.168.1.243:5000
2026-06-09 15:38:55,203 [INFO] [33mPress CTRL+C to quit[0m
2026-06-09 15:39:05,193 [INFO] 127.0.0.1 - - [09/Jun/2026 15:39:05] "OPTIONS /api/search HTTP/1.1" 200 -
2026-06-09 15:39:05,459 [INFO] [API /search] → https://www.traveloka.com/vi-vn/flight/fullsearch?ap=SGN.PQC&dt=10-06-2026.NA&ps=1.0.0&sc=ECONOMY
2026-06-09 15:39:05,459 [INFO] Checking cache: D:\UIT\DO_AN\website-system\backend\data\raw\SGN_PQC_10_thg_6.csv
2026-06-09 15:39:05,459 [INFO] Exists? True
2026-06-09 15:39:05,459 [INFO] Đọc dữ liệu có sẵn: data\raw\SGN_PQC_10_thg_6.csv
2026-06-09 15:39:05,465 [INFO] Đọc lịch sử: SGN_PQC_10_thg_6.csv (68 rows)
2026-06-09 15:39:05,467 [INFO] Preprocess bắt đầu | shape=(43, 13)
2026-06-09 15:39:05,500 [INFO] days_left stats:
count    43.000000
mean      2.000000
std       0.816497
min       1.000000
25%       1.000000
50%       2.000000
75%       3.000000
max       3.000000
2026-06-09 15:39:05,502 [INFO] days_left sau filter | shape=(43, 15) | min=1 max=3
2026-06-09 15:39:05,525 [INFO] Preprocess xong | shape=(43, 18) | null=0
2026-06-09 15:39:05,624 [ERROR] Exception on /api/search [POST]
Traceback (most recent call last):
  File "C:\Users\Admin\AppData\Local\Programs\Python\Python310\lib\site-packages\flask\app.py", line 1473, in wsgi_app
    response = self.full_dispatch_request()
  File "C:\Users\Admin\AppData\Local\Programs\Python\Python310\lib\site-packages\flask\app.py", line 882, in full_dispatch_request
    rv = self.handle_user_exception(e)
  File "C:\Users\Admin\AppData\Local\Programs\Python\Python310\lib\site-packages\flask_cors\extension.py", line 178, in wrapped_function
    return cors_after_request(app.make_response(f(*args, **kwargs)))
  File "C:\Users\Admin\AppData\Local\Programs\Python\Python310\lib\site-packages\flask\app.py", line 880, in full_dispatch_request
    rv = self.dispatch_request()
  File "C:\Users\Admin\AppData\Local\Programs\Python\Python310\lib\site-packages\flask\app.py", line 865, in dispatch_request
    return self.ensure_sync(self.view_functions[rule.endpoint])(**view_args)  # type: ignore[no-any-return]
  File "D:\UIT\DO_AN\website-system\backend\api_server.py", line 546, in search_flights
    return jsonify({"flights": rows, "total": len(rows)})
  File "C:\Users\Admin\AppData\Local\Programs\Python\Python310\lib\site-packages\flask\json\__init__.py", line 170, in jsonify
    return current_app.json.response(*args, **kwargs)  # type: ignore[return-value]
  File "C:\Users\Admin\AppData\Local\Programs\Python\Python310\lib\site-packages\flask\json\provider.py", line 214, in response
    f"{self.dumps(obj, **dump_args)}\n", mimetype=self.mimetype
  File "C:\Users\Admin\AppData\Local\Programs\Python\Python310\lib\site-packages\flask\json\provider.py", line 179, in dumps
    return json.dumps(obj, **kwargs)
  File "C:\Users\Admin\AppData\Local\Programs\Python\Python310\lib\json\__init__.py", line 238, in dumps
    **kw).encode(obj)
  File "C:\Users\Admin\AppData\Local\Programs\Python\Python310\lib\json\encoder.py", line 199, in encode
    chunks = self.iterencode(o, _one_shot=True)
  File "C:\Users\Admin\AppData\Local\Programs\Python\Python310\lib\json\encoder.py", line 257, in iterencode
    return _iterencode(o, 0)
  File "C:\Users\Admin\AppData\Local\Programs\Python\Python310\lib\site-packages\flask\json\provider.py", line 121, in _default
    raise TypeError(f"Object of type {type(o).__name__} is not JSON serializable")
TypeError: Object of type int64 is not JSON serializable
2026-06-09 15:39:05,626 [INFO] 127.0.0.1 - - [09/Jun/2026 15:39:05] "[35m[1mPOST /api/search HTTP/1.1[0m" 500 -
2026-06-09 15:39:43,087 [INFO] Model loaded: 17 routes
2026-06-09 15:39:44,367 [INFO] [31m[1mWARNING: This is a development server. Do not use it in a production deployment. Use a production WSGI server instead.[0m
 * Running on all addresses (0.0.0.0)
 * Running on http://127.0.0.1:5000
 * Running on http://192.168.1.243:5000
2026-06-09 15:39:44,368 [INFO] [33mPress CTRL+C to quit[0m
2026-06-09 15:39:47,203 [INFO] 127.0.0.1 - - [09/Jun/2026 15:39:47] "OPTIONS /api/search HTTP/1.1" 200 -
2026-06-09 15:39:47,467 [INFO] [API /search] → https://www.traveloka.com/vi-vn/flight/fullsearch?ap=SGN.PQC&dt=10-06-2026.NA&ps=1.0.0&sc=ECONOMY
2026-06-09 15:39:47,467 [INFO] Checking cache: D:\UIT\DO_AN\website-system\backend\data\raw\SGN_PQC_10_thg_6.csv
2026-06-09 15:39:47,468 [INFO] Exists? True
2026-06-09 15:39:47,468 [INFO] Đọc dữ liệu có sẵn: data\raw\SGN_PQC_10_thg_6.csv
2026-06-09 15:39:47,476 [INFO] Đọc lịch sử: SGN_PQC_10_thg_6.csv (68 rows)
2026-06-09 15:39:47,477 [INFO] Preprocess bắt đầu | shape=(43, 13)
2026-06-09 15:39:47,533 [INFO] days_left stats:
count    43.000000
mean      2.000000
std       0.816497
min       1.000000
25%       1.000000
50%       2.000000
75%       3.000000
max       3.000000
2026-06-09 15:39:47,536 [INFO] days_left sau filter | shape=(43, 15) | min=1 max=3
2026-06-09 15:39:47,562 [INFO] Preprocess xong | shape=(43, 18) | null=0
2026-06-09 15:39:47,653 [ERROR] Exception on /api/search [POST]
Traceback (most recent call last):
  File "C:\Users\Admin\AppData\Local\Programs\Python\Python310\lib\site-packages\flask\app.py", line 1473, in wsgi_app
    response = self.full_dispatch_request()
  File "C:\Users\Admin\AppData\Local\Programs\Python\Python310\lib\site-packages\flask\app.py", line 882, in full_dispatch_request
    rv = self.handle_user_exception(e)
  File "C:\Users\Admin\AppData\Local\Programs\Python\Python310\lib\site-packages\flask_cors\extension.py", line 178, in wrapped_function
    return cors_after_request(app.make_response(f(*args, **kwargs)))
  File "C:\Users\Admin\AppData\Local\Programs\Python\Python310\lib\site-packages\flask\app.py", line 880, in full_dispatch_request
    rv = self.dispatch_request()
  File "C:\Users\Admin\AppData\Local\Programs\Python\Python310\lib\site-packages\flask\app.py", line 865, in dispatch_request
    return self.ensure_sync(self.view_functions[rule.endpoint])(**view_args)  # type: ignore[no-any-return]
  File "D:\UIT\DO_AN\website-system\backend\api_server.py", line 546, in search_flights
    return jsonify({"flights": rows, "total": len(rows)})
  File "C:\Users\Admin\AppData\Local\Programs\Python\Python310\lib\site-packages\flask\json\__init__.py", line 170, in jsonify
    return current_app.json.response(*args, **kwargs)  # type: ignore[return-value]
  File "C:\Users\Admin\AppData\Local\Programs\Python\Python310\lib\site-packages\flask\json\provider.py", line 214, in response
    f"{self.dumps(obj, **dump_args)}\n", mimetype=self.mimetype
  File "C:\Users\Admin\AppData\Local\Programs\Python\Python310\lib\site-packages\flask\json\provider.py", line 179, in dumps
    return json.dumps(obj, **kwargs)
  File "C:\Users\Admin\AppData\Local\Programs\Python\Python310\lib\json\__init__.py", line 238, in dumps
    **kw).encode(obj)
  File "C:\Users\Admin\AppData\Local\Programs\Python\Python310\lib\json\encoder.py", line 199, in encode
    chunks = self.iterencode(o, _one_shot=True)
  File "C:\Users\Admin\AppData\Local\Programs\Python\Python310\lib\json\encoder.py", line 257, in iterencode
    return _iterencode(o, 0)
  File "C:\Users\Admin\AppData\Local\Programs\Python\Python310\lib\site-packages\flask\json\provider.py", line 121, in _default
    raise TypeError(f"Object of type {type(o).__name__} is not JSON serializable")
TypeError: Object of type int64 is not JSON serializable
2026-06-09 15:39:47,655 [INFO] 127.0.0.1 - - [09/Jun/2026 15:39:47] "[35m[1mPOST /api/search HTTP/1.1[0m" 500 -
2026-06-09 15:40:20,128 [INFO] Model loaded: 17 routes
2026-06-09 15:40:21,415 [INFO] [31m[1mWARNING: This is a development server. Do not use it in a production deployment. Use a production WSGI server instead.[0m
 * Running on all addresses (0.0.0.0)
 * Running on http://127.0.0.1:5000
 * Running on http://192.168.1.243:5000
2026-06-09 15:40:21,415 [INFO] [33mPress CTRL+C to quit[0m
2026-06-09 15:40:24,111 [INFO] 127.0.0.1 - - [09/Jun/2026 15:40:24] "OPTIONS /api/search HTTP/1.1" 200 -
2026-06-09 15:40:24,358 [INFO] [API /search] → https://www.traveloka.com/vi-vn/flight/fullsearch?ap=SGN.PQC&dt=10-06-2026.NA&ps=1.0.0&sc=ECONOMY
2026-06-09 15:40:24,358 [INFO] Checking cache: D:\UIT\DO_AN\website-system\backend\data\raw\SGN_PQC_10_thg_6.csv
2026-06-09 15:40:24,359 [INFO] Exists? True
2026-06-09 15:40:24,359 [INFO] Đọc dữ liệu có sẵn: data\raw\SGN_PQC_10_thg_6.csv
2026-06-09 15:40:24,364 [INFO] Đọc lịch sử: SGN_PQC_10_thg_6.csv (68 rows)
2026-06-09 15:40:24,365 [INFO] Preprocess bắt đầu | shape=(43, 13)
2026-06-09 15:40:24,397 [INFO] days_left stats:
count    43.000000
mean      2.000000
std       0.816497
min       1.000000
25%       1.000000
50%       2.000000
75%       3.000000
max       3.000000
2026-06-09 15:40:24,397 [INFO] days_left sau filter | shape=(43, 15) | min=1 max=3
2026-06-09 15:40:24,421 [INFO] Preprocess xong | shape=(43, 18) | null=0
2026-06-09 15:40:24,515 [ERROR] Exception on /api/search [POST]
Traceback (most recent call last):
  File "C:\Users\Admin\AppData\Local\Programs\Python\Python310\lib\site-packages\flask\app.py", line 1473, in wsgi_app
    response = self.full_dispatch_request()
  File "C:\Users\Admin\AppData\Local\Programs\Python\Python310\lib\site-packages\flask\app.py", line 882, in full_dispatch_request
    rv = self.handle_user_exception(e)
  File "C:\Users\Admin\AppData\Local\Programs\Python\Python310\lib\site-packages\flask_cors\extension.py", line 178, in wrapped_function
    return cors_after_request(app.make_response(f(*args, **kwargs)))
  File "C:\Users\Admin\AppData\Local\Programs\Python\Python310\lib\site-packages\flask\app.py", line 880, in full_dispatch_request
    rv = self.dispatch_request()
  File "C:\Users\Admin\AppData\Local\Programs\Python\Python310\lib\site-packages\flask\app.py", line 865, in dispatch_request
    return self.ensure_sync(self.view_functions[rule.endpoint])(**view_args)  # type: ignore[no-any-return]
  File "D:\UIT\DO_AN\website-system\backend\api_server.py", line 544, in search_flights
    return jsonify({"flights": rows, "total": len(rows)})
  File "C:\Users\Admin\AppData\Local\Programs\Python\Python310\lib\site-packages\flask\json\__init__.py", line 170, in jsonify
    return current_app.json.response(*args, **kwargs)  # type: ignore[return-value]
  File "C:\Users\Admin\AppData\Local\Programs\Python\Python310\lib\site-packages\flask\json\provider.py", line 214, in response
    f"{self.dumps(obj, **dump_args)}\n", mimetype=self.mimetype
  File "C:\Users\Admin\AppData\Local\Programs\Python\Python310\lib\site-packages\flask\json\provider.py", line 179, in dumps
    return json.dumps(obj, **kwargs)
  File "C:\Users\Admin\AppData\Local\Programs\Python\Python310\lib\json\__init__.py", line 238, in dumps
    **kw).encode(obj)
  File "C:\Users\Admin\AppData\Local\Programs\Python\Python310\lib\json\encoder.py", line 199, in encode
    chunks = self.iterencode(o, _one_shot=True)
  File "C:\Users\Admin\AppData\Local\Programs\Python\Python310\lib\json\encoder.py", line 257, in iterencode
    return _iterencode(o, 0)
  File "C:\Users\Admin\AppData\Local\Programs\Python\Python310\lib\site-packages\flask\json\provider.py", line 121, in _default
    raise TypeError(f"Object of type {type(o).__name__} is not JSON serializable")
TypeError: Object of type int64 is not JSON serializable
2026-06-09 15:40:24,516 [INFO] 127.0.0.1 - - [09/Jun/2026 15:40:24] "[35m[1mPOST /api/search HTTP/1.1[0m" 500 -
2026-06-09 15:41:33,405 [INFO] Model loaded: 17 routes
2026-06-09 15:41:34,703 [INFO] [31m[1mWARNING: This is a development server. Do not use it in a production deployment. Use a production WSGI server instead.[0m
 * Running on all addresses (0.0.0.0)
 * Running on http://127.0.0.1:5000
 * Running on http://192.168.1.243:5000
2026-06-09 15:41:34,703 [INFO] [33mPress CTRL+C to quit[0m
2026-06-09 15:41:36,918 [INFO] 127.0.0.1 - - [09/Jun/2026 15:41:36] "OPTIONS /api/search HTTP/1.1" 200 -
2026-06-09 15:41:37,167 [INFO] [API /search] → https://www.traveloka.com/vi-vn/flight/fullsearch?ap=SGN.PQC&dt=10-06-2026.NA&ps=1.0.0&sc=ECONOMY
2026-06-09 15:41:37,167 [INFO] Checking cache: D:\UIT\DO_AN\website-system\backend\data\raw\SGN_PQC_10_thg_6.csv
2026-06-09 15:41:37,168 [INFO] Exists? True
2026-06-09 15:41:37,168 [INFO] Đọc dữ liệu có sẵn: data\raw\SGN_PQC_10_thg_6.csv
2026-06-09 15:41:37,173 [INFO] Đọc lịch sử: SGN_PQC_10_thg_6.csv (68 rows)
2026-06-09 15:41:37,175 [INFO] Preprocess bắt đầu | shape=(43, 13)
2026-06-09 15:41:37,207 [INFO] days_left stats:
count    43.000000
mean      2.000000
std       0.816497
min       1.000000
25%       1.000000
50%       2.000000
75%       3.000000
max       3.000000
2026-06-09 15:41:37,209 [INFO] days_left sau filter | shape=(43, 15) | min=1 max=3
2026-06-09 15:41:37,234 [INFO] Preprocess xong | shape=(43, 18) | null=0
2026-06-09 15:41:37,331 [INFO] 127.0.0.1 - - [09/Jun/2026 15:41:37] "POST /api/search HTTP/1.1" 200 -
2026-06-09 17:33:08,114 [INFO] Model loaded: 17 routes
2026-06-09 17:33:09,414 [INFO] [31m[1mWARNING: This is a development server. Do not use it in a production deployment. Use a production WSGI server instead.[0m
 * Running on all addresses (0.0.0.0)
 * Running on http://127.0.0.1:5000
 * Running on http://192.168.1.243:5000
2026-06-09 17:33:09,414 [INFO] [33mPress CTRL+C to quit[0m
2026-06-09 17:34:04,857 [INFO] 127.0.0.1 - - [09/Jun/2026 17:34:04] "OPTIONS /api/search HTTP/1.1" 200 -
2026-06-09 17:34:05,120 [INFO] [API /search] → https://www.traveloka.com/vi-vn/flight/fullsearch?ap=SGN.HAN&dt=10-06-2026.NA&ps=1.0.0&sc=ECONOMY
2026-06-09 17:34:05,121 [INFO] Checking cache: D:\UIT\DO_AN\website-system\backend\data\raw\SGN_HAN_10_thg_6.csv
2026-06-09 17:34:05,121 [INFO] Exists? True
2026-06-09 17:34:05,121 [INFO] Đọc dữ liệu có sẵn: data\raw\SGN_HAN_10_thg_6.csv
2026-06-09 17:34:05,130 [INFO] Đọc lịch sử: SGN_HAN_10_thg_6.csv (190 rows)
2026-06-09 17:34:05,131 [INFO] Preprocess bắt đầu | shape=(142, 13)
2026-06-09 17:34:05,217 [WARNING] 34 dòng có crawl_date không hợp lệ → thay bằng today (2026-06-09)
2026-06-09 17:34:05,220 [INFO] days_left stats:
count    142.000000
mean       2.000000
std        0.816497
min        1.000000
25%        1.000000
50%        2.000000
75%        3.000000
max        3.000000
2026-06-09 17:34:05,221 [INFO] days_left sau filter | shape=(142, 15) | min=1 max=3
2026-06-09 17:34:05,262 [INFO] Preprocess xong | shape=(142, 18) | null=0
2026-06-09 17:34:05,611 [INFO] 127.0.0.1 - - [09/Jun/2026 17:34:05] "POST /api/search HTTP/1.1" 200 -
2026-06-09 19:38:01,737 [INFO] Model loaded: 17 routes
2026-06-09 19:38:03,052 [INFO] [31m[1mWARNING: This is a development server. Do not use it in a production deployment. Use a production WSGI server instead.[0m
 * Running on all addresses (0.0.0.0)
 * Running on http://127.0.0.1:5000
 * Running on http://192.168.1.243:5000
2026-06-09 19:38:03,052 [INFO] [33mPress CTRL+C to quit[0m
2026-06-09 19:38:26,892 [INFO] 127.0.0.1 - - [09/Jun/2026 19:38:26] "[33mGET / HTTP/1.1[0m" 404 -
2026-06-09 19:38:27,036 [INFO] 127.0.0.1 - - [09/Jun/2026 19:38:27] "[33mGET /favicon.ico HTTP/1.1[0m" 404 -
2026-06-09 19:38:29,371 [INFO] 127.0.0.1 - - [09/Jun/2026 19:38:29] "[33mGET / HTTP/1.1[0m" 404 -
2026-06-09 19:39:15,755 [INFO] 127.0.0.1 - - [09/Jun/2026 19:39:15] "[33mGET / HTTP/1.1[0m" 404 -
2026-06-09 19:39:36,759 [INFO] 127.0.0.1 - - [09/Jun/2026 19:39:36] "[33mGET / HTTP/1.1[0m" 404 -
2026-06-09 19:46:54,743 [INFO] Model loaded: 17 routes
2026-06-09 19:46:56,022 [INFO] [31m[1mWARNING: This is a development server. Do not use it in a production deployment. Use a production WSGI server instead.[0m
 * Running on all addresses (0.0.0.0)
 * Running on http://127.0.0.1:5000
 * Running on http://192.168.1.243:5000
2026-06-09 19:46:56,022 [INFO] [33mPress CTRL+C to quit[0m
2026-06-09 19:47:16,528 [INFO] 127.0.0.1 - - [09/Jun/2026 19:47:16] "OPTIONS /api/search HTTP/1.1" 200 -
2026-06-09 19:47:16,781 [INFO] [API /search] → https://www.traveloka.com/vi-vn/flight/fullsearch?ap=SGN.PQC&dt=10-06-2026.NA&ps=1.0.0&sc=ECONOMY
2026-06-09 19:47:16,782 [INFO] Checking cache: D:\UIT\DO_AN\website-system\backend\data\raw\SGN_PQC_10_thg_6.csv
2026-06-09 19:47:16,782 [INFO] Exists? True
2026-06-09 19:47:16,782 [INFO] Đọc dữ liệu có sẵn: data\raw\SGN_PQC_10_thg_6.csv
2026-06-09 19:47:16,805 [INFO] Đọc lịch sử: SGN_PQC_10_thg_6.csv (68 rows)
2026-06-09 19:47:16,806 [INFO] Preprocess bắt đầu | shape=(43, 13)
2026-06-09 19:47:16,840 [INFO] days_left stats:
count    43.000000
mean      2.000000
std       0.816497
min       1.000000
25%       1.000000
50%       2.000000
75%       3.000000
max       3.000000
2026-06-09 19:47:16,842 [INFO] days_left sau filter | shape=(43, 15) | min=1 max=3
2026-06-09 19:47:16,864 [INFO] Preprocess xong | shape=(43, 18) | null=0
2026-06-09 19:47:16,967 [INFO] 127.0.0.1 - - [09/Jun/2026 19:47:16] "POST /api/search HTTP/1.1" 200 -
